Error: There are no available targets
    at LoadBalancer._connectToTarget (/usr/lib/node_modules/loadbalancer/loadbalancer.js:169:14)
    at /usr/lib/node_modules/loadbalancer/loadbalancer.js:201:16
    at process._tickCallback (internal/process/next_tick.js:61:11)
Error: There are no available targets
    at LoadBalancer._connectToTarget (/usr/lib/node_modules/loadbalancer/loadbalancer.js:169:14)
    at LoadBalancer._acceptConnection (/usr/lib/node_modules/loadbalancer/loadbalancer.js:311:8)
    at /usr/lib/node_modules/loadbalancer/loadbalancer.js:281:12
    at /usr/lib/node_modules/loadbalancer/loadbalancer.js:228:7
    at async.eachSeries (/usr/lib/node_modules/loadbalancer/node_modules/async/lib/async.js:145:20)
    at go (/usr/lib/node_modules/loadbalancer/node_modules/async/lib/async.js:1079:20)
    at _applyEach (/usr/lib/node_modules/loadbalancer/node_modules/async/lib/async.js:1086:23)
    at Object.applyEachSeries (/usr/lib/node_modules/loadbalancer/node_modules/async/lib/async.js:231:23)
    at LoadBalancer._verifyConnection (/usr/lib/node_modules/loadbalancer/loadbalancer.js:223:9)
    at LoadBalancer._handleConnection (/usr/lib/node_modules/loadbalancer/loadbalancer.js:277:8)
Error: There are no available targets
    at LoadBalancer._connectToTarget (/usr/lib/node_modules/loadbalancer/loadbalancer.js:169:14)
    at /usr/lib/node_modules/loadbalancer/loadbalancer.js:201:16
    at process._tickCallback (internal/process/next_tick.js:61:11)
Error: There are no available targets
    at LoadBalancer._connectToTarget (/usr/lib/node_modules/loadbalancer/loadbalancer.js:169:14)
    at LoadBalancer._acceptConnection (/usr/lib/node_modules/loadbalancer/loadbalancer.js:311:8)
    at /usr/lib/node_modules/loadbalancer/loadbalancer.js:281:12
    at /usr/lib/node_modules/loadbalancer/loadbalancer.js:228:7
    at async.eachSeries (/usr/lib/node_modules/loadbalancer/node_modules/async/lib/async.js:145:20)
    at go (/usr/lib/node_modules/loadbalancer/node_modules/async/lib/async.js:1079:20)
    at _applyEach (/usr/lib/node_modules/loadbalancer/node_modules/async/lib/async.js:1086:23)
    at Object.applyEachSeries (/usr/lib/node_modules/loadbalancer/node_modules/async/lib/async.js:231:23)
    at LoadBalancer._verifyConnection (/usr/lib/node_modules/loadbalancer/loadbalancer.js:223:9)
    at LoadBalancer._handleConnection (/usr/lib/node_modules/loadbalancer/loadbalancer.js:277:8)
Error: There are no available targets
    at LoadBalancer._connectToTarget (/usr/lib/node_modules/loadbalancer/loadbalancer.js:169:14)
    at LoadBalancer._acceptConnection (/usr/lib/node_modules/loadbalancer/loadbalancer.js:311:8)
    at /usr/lib/node_modules/loadbalancer/loadbalancer.js:281:12
    at /usr/lib/node_modules/loadbalancer/loadbalancer.js:228:7
    at async.eachSeries (/usr/lib/node_modules/loadbalancer/node_modules/async/lib/async.js:145:20)
    at go (/usr/lib/node_modules/loadbalancer/node_modules/async/lib/async.js:1079:20)
    at _applyEach (/usr/lib/node_modules/loadbalancer/node_modules/async/lib/async.js:1086:23)
    at Object.applyEachSeries (/usr/lib/node_modules/loadbalancer/node_modules/async/lib/async.js:231:23)
    at LoadBalancer._verifyConnection (/usr/lib/node_modules/loadbalancer/loadbalancer.js:223:9)
    at LoadBalancer._handleConnection (/usr/lib/node_modules/loadbalancer/loadbalancer.js:277:8)
Error: There are no available targets
    at LoadBalancer._connectToTarget (/usr/lib/node_modules/loadbalancer/loadbalancer.js:169:14)
    at LoadBalancer._acceptConnection (/usr/lib/node_modules/loadbalancer/loadbalancer.js:311:8)
    at /usr/lib/node_modules/loadbalancer/loadbalancer.js:281:12
    at /usr/lib/node_modules/loadbalancer/loadbalancer.js:228:7
    at async.eachSeries (/usr/lib/node_modules/loadbalancer/node_modules/async/lib/async.js:145:20)
    at go (/usr/lib/node_modules/loadbalancer/node_modules/async/lib/async.js:1079:20)
    at _applyEach (/usr/lib/node_modules/loadbalancer/node_modules/async/lib/async.js:1086:23)
    at Object.applyEachSeries (/usr/lib/node_modules/loadbalancer/node_modules/async/lib/async.js:231:23)
    at LoadBalancer._verifyConnection (/usr/lib/node_modules/loadbalancer/loadbalancer.js:223:9)
    at LoadBalancer._handleConnection (/usr/lib/node_modules/loadbalancer/loadbalancer.js:277:8)
Error: There are no available targets
    at LoadBalancer._connectToTarget (/usr/lib/node_modules/loadbalancer/loadbalancer.js:169:14)
    at LoadBalancer._acceptConnection (/usr/lib/node_modules/loadbalancer/loadbalancer.js:311:8)
    at /usr/lib/node_modules/loadbalancer/loadbalancer.js:281:12
    at /usr/lib/node_modules/loadbalancer/loadbalancer.js:228:7
    at async.eachSeries (/usr/lib/node_modules/loadbalancer/node_modules/async/lib/async.js:145:20)
    at go (/usr/lib/node_modules/loadbalancer/node_modules/async/lib/async.js:1079:20)
    at _applyEach (/usr/lib/node_modules/loadbalancer/node_modules/async/lib/async.js:1086:23)
    at Object.applyEachSeries (/usr/lib/node_modules/loadbalancer/node_modules/async/lib/async.js:231:23)
    at LoadBalancer._verifyConnection (/usr/lib/node_modules/loadbalancer/loadbalancer.js:223:9)
    at LoadBalancer._handleConnection (/usr/lib/node_modules/loadbalancer/loadbalancer.js:277:8)
Error: There are no available targets
    at LoadBalancer._connectToTarget (/usr/lib/node_modules/loadbalancer/loadbalancer.js:169:14)
    at LoadBalancer._acceptConnection (/usr/lib/node_modules/loadbalancer/loadbalancer.js:311:8)
    at /usr/lib/node_modules/loadbalancer/loadbalancer.js:281:12
    at /usr/lib/node_modules/loadbalancer/loadbalancer.js:228:7
    at async.eachSeries (/usr/lib/node_modules/loadbalancer/node_modules/async/lib/async.js:145:20)
    at go (/usr/lib/node_modules/loadbalancer/node_modules/async/lib/async.js:1079:20)
    at _applyEach (/usr/lib/node_modules/loadbalancer/node_modules/async/lib/async.js:1086:23)
    at Object.applyEachSeries (/usr/lib/node_modules/loadbalancer/node_modules/async/lib/async.js:231:23)
    at LoadBalancer._verifyConnection (/usr/lib/node_modules/loadbalancer/loadbalancer.js:223:9)
    at LoadBalancer._handleConnection (/usr/lib/node_modules/loadbalancer/loadbalancer.js:277:8)
Error: There are no available targets
    at LoadBalancer._connectToTarget (/usr/lib/node_modules/loadbalancer/loadbalancer.js:169:14)
    at LoadBalancer._acceptConnection (/usr/lib/node_modules/loadbalancer/loadbalancer.js:311:8)
    at /usr/lib/node_modules/loadbalancer/loadbalancer.js:281:12
    at /usr/lib/node_modules/loadbalancer/loadbalancer.js:228:7
    at async.eachSeries (/usr/lib/node_modules/loadbalancer/node_modules/async/lib/async.js:145:20)
    at go (/usr/lib/node_modules/loadbalancer/node_modules/async/lib/async.js:1079:20)
    at _applyEach (/usr/lib/node_modules/loadbalancer/node_modules/async/lib/async.js:1086:23)
    at Object.applyEachSeries (/usr/lib/node_modules/loadbalancer/node_modules/async/lib/async.js:231:23)
    at LoadBalancer._verifyConnection (/usr/lib/node_modules/loadbalancer/loadbalancer.js:223:9)
    at LoadBalancer._handleConnection (/usr/lib/node_modules/loadbalancer/loadbalancer.js:277:8)
Error: There are no available targets
    at LoadBalancer._connectToTarget (/usr/lib/node_modules/loadbalancer/loadbalancer.js:169:14)
    at LoadBalancer._acceptConnection (/usr/lib/node_modules/loadbalancer/loadbalancer.js:311:8)
    at /usr/lib/node_modules/loadbalancer/loadbalancer.js:281:12
    at /usr/lib/node_modules/loadbalancer/loadbalancer.js:228:7
    at async.eachSeries (/usr/lib/node_modules/loadbalancer/node_modules/async/lib/async.js:145:20)
    at go (/usr/lib/node_modules/loadbalancer/node_modules/async/lib/async.js:1079:20)
    at _applyEach (/usr/lib/node_modules/loadbalancer/node_modules/async/lib/async.js:1086:23)
    at Object.applyEachSeries (/usr/lib/node_modules/loadbalancer/node_modules/async/lib/async.js:231:23)
    at LoadBalancer._verifyConnection (/usr/lib/node_modules/loadbalancer/loadbalancer.js:223:9)
    at LoadBalancer._handleConnection (/usr/lib/node_modules/loadbalancer/loadbalancer.js:277:8)
Error: There are no available targets
    at LoadBalancer._connectToTarget (/usr/lib/node_modules/loadbalancer/loadbalancer.js:169:14)
    at /usr/lib/node_modules/loadbalancer/loadbalancer.js:201:16
    at process._tickCallback (internal/process/next_tick.js:61:11)
Error: There are no available targets
    at LoadBalancer._connectToTarget (/usr/lib/node_modules/loadbalancer/loadbalancer.js:169:14)
    at LoadBalancer._acceptConnection (/usr/lib/node_modules/loadbalancer/loadbalancer.js:311:8)
    at /usr/lib/node_modules/loadbalancer/loadbalancer.js:281:12
    at /usr/lib/node_modules/loadbalancer/loadbalancer.js:228:7
    at async.eachSeries (/usr/lib/node_modules/loadbalancer/node_modules/async/lib/async.js:145:20)
    at go (/usr/lib/node_modules/loadbalancer/node_modules/async/lib/async.js:1079:20)
    at _applyEach (/usr/lib/node_modules/loadbalancer/node_modules/async/lib/async.js:1086:23)
    at Object.applyEachSeries (/usr/lib/node_modules/loadbalancer/node_modules/async/lib/async.js:231:23)
    at LoadBalancer._verifyConnection (/usr/lib/node_modules/loadbalancer/loadbalancer.js:223:9)
    at LoadBalancer._handleConnection (/usr/lib/node_modules/loadbalancer/loadbalancer.js:277:8)
Error: There are no available targets
    at LoadBalancer._connectToTarget (/usr/lib/node_modules/loadbalancer/loadbalancer.js:169:14)
    at LoadBalancer._acceptConnection (/usr/lib/node_modules/loadbalancer/loadbalancer.js:311:8)
    at /usr/lib/node_modules/loadbalancer/loadbalancer.js:281:12
    at /usr/lib/node_modules/loadbalancer/loadbalancer.js:228:7
    at async.eachSeries (/usr/lib/node_modules/loadbalancer/node_modules/async/lib/async.js:145:20)
    at go (/usr/lib/node_modules/loadbalancer/node_modules/async/lib/async.js:1079:20)
    at _applyEach (/usr/lib/node_modules/loadbalancer/node_modules/async/lib/async.js:1086:23)
    at Object.applyEachSeries (/usr/lib/node_modules/loadbalancer/node_modules/async/lib/async.js:231:23)
    at LoadBalancer._verifyConnection (/usr/lib/node_modules/loadbalancer/loadbalancer.js:223:9)
    at LoadBalancer._handleConnection (/usr/lib/node_modules/loadbalancer/loadbalancer.js:277:8)
Error: There are no available targets
    at LoadBalancer._connectToTarget (/usr/lib/node_modules/loadbalancer/loadbalancer.js:169:14)
    at LoadBalancer._acceptConnection (/usr/lib/node_modules/loadbalancer/loadbalancer.js:311:8)
    at /usr/lib/node_modules/loadbalancer/loadbalancer.js:281:12
    at /usr/lib/node_modules/loadbalancer/loadbalancer.js:228:7
    at async.eachSeries (/usr/lib/node_modules/loadbalancer/node_modules/async/lib/async.js:145:20)
    at go (/usr/lib/node_modules/loadbalancer/node_modules/async/lib/async.js:1079:20)
    at _applyEach (/usr/lib/node_modules/loadbalancer/node_modules/async/lib/async.js:1086:23)
    at Object.applyEachSeries (/usr/lib/node_modules/loadbalancer/node_modules/async/lib/async.js:231:23)
    at LoadBalancer._verifyConnection (/usr/lib/node_modules/loadbalancer/loadbalancer.js:223:9)
    at LoadBalancer._handleConnection (/usr/lib/node_modules/loadbalancer/loadbalancer.js:277:8)
Error: There are no available targets
    at LoadBalancer._connectToTarget (/usr/lib/node_modules/loadbalancer/loadbalancer.js:169:14)
    at LoadBalancer._acceptConnection (/usr/lib/node_modules/loadbalancer/loadbalancer.js:311:8)
    at /usr/lib/node_modules/loadbalancer/loadbalancer.js:281:12
    at /usr/lib/node_modules/loadbalancer/loadbalancer.js:228:7
    at async.eachSeries (/usr/lib/node_modules/loadbalancer/node_modules/async/lib/async.js:145:20)
    at go (/usr/lib/node_modules/loadbalancer/node_modules/async/lib/async.js:1079:20)
    at _applyEach (/usr/lib/node_modules/loadbalancer/node_modules/async/lib/async.js:1086:23)
    at Object.applyEachSeries (/usr/lib/node_modules/loadbalancer/node_modules/async/lib/async.js:231:23)
    at LoadBalancer._verifyConnection (/usr/lib/node_modules/loadbalancer/loadbalancer.js:223:9)
    at LoadBalancer._handleConnection (/usr/lib/node_modules/loadbalancer/loadbalancer.js:277:8)
Error: There are no available targets
    at LoadBalancer._connectToTarget (/usr/lib/node_modules/loadbalancer/loadbalancer.js:169:14)
    at LoadBalancer._acceptConnection (/usr/lib/node_modules/loadbalancer/loadbalancer.js:311:8)
    at /usr/lib/node_modules/loadbalancer/loadbalancer.js:281:12
    at /usr/lib/node_modules/loadbalancer/loadbalancer.js:228:7
    at async.eachSeries (/usr/lib/node_modules/loadbalancer/node_modules/async/lib/async.js:145:20)
    at go (/usr/lib/node_modules/loadbalancer/node_modules/async/lib/async.js:1079:20)
    at _applyEach (/usr/lib/node_modules/loadbalancer/node_modules/async/lib/async.js:1086:23)
    at Object.applyEachSeries (/usr/lib/node_modules/loadbalancer/node_modules/async/lib/async.js:231:23)
    at LoadBalancer._verifyConnection (/usr/lib/node_modules/loadbalancer/loadbalancer.js:223:9)
    at LoadBalancer._handleConnection (/usr/lib/node_modules/loadbalancer/loadbalancer.js:277:8)
Error: There are no available targets
    at LoadBalancer._connectToTarget (/usr/lib/node_modules/loadbalancer/loadbalancer.js:169:14)
    at LoadBalancer._acceptConnection (/usr/lib/node_modules/loadbalancer/loadbalancer.js:311:8)
    at /usr/lib/node_modules/loadbalancer/loadbalancer.js:281:12
    at /usr/lib/node_modules/loadbalancer/loadbalancer.js:228:7
    at async.eachSeries (/usr/lib/node_modules/loadbalancer/node_modules/async/lib/async.js:145:20)
    at go (/usr/lib/node_modules/loadbalancer/node_modules/async/lib/async.js:1079:20)
    at _applyEach (/usr/lib/node_modules/loadbalancer/node_modules/async/lib/async.js:1086:23)
    at Object.applyEachSeries (/usr/lib/node_modules/loadbalancer/node_modules/async/lib/async.js:231:23)
    at LoadBalancer._verifyConnection (/usr/lib/node_modules/loadbalancer/loadbalancer.js:223:9)
    at LoadBalancer._handleConnection (/usr/lib/node_modules/loadbalancer/loadbalancer.js:277:8)
Error: There are no available targets
    at LoadBalancer._connectToTarget (/usr/lib/node_modules/loadbalancer/loadbalancer.js:169:14)
    at LoadBalancer._acceptConnection (/usr/lib/node_modules/loadbalancer/loadbalancer.js:311:8)
    at /usr/lib/node_modules/loadbalancer/loadbalancer.js:281:12
    at /usr/lib/node_modules/loadbalancer/loadbalancer.js:228:7
    at async.eachSeries (/usr/lib/node_modules/loadbalancer/node_modules/async/lib/async.js:145:20)
    at go (/usr/lib/node_modules/loadbalancer/node_modules/async/lib/async.js:1079:20)
    at _applyEach (/usr/lib/node_modules/loadbalancer/node_modules/async/lib/async.js:1086:23)
    at Object.applyEachSeries (/usr/lib/node_modules/loadbalancer/node_modules/async/lib/async.js:231:23)
    at LoadBalancer._verifyConnection (/usr/lib/node_modules/loadbalancer/loadbalancer.js:223:9)
    at LoadBalancer._handleConnection (/usr/lib/node_modules/loadbalancer/loadbalancer.js:277:8)
Error: There are no available targets
    at LoadBalancer._connectToTarget (/usr/lib/node_modules/loadbalancer/loadbalancer.js:169:14)
    at LoadBalancer._acceptConnection (/usr/lib/node_modules/loadbalancer/loadbalancer.js:311:8)
    at /usr/lib/node_modules/loadbalancer/loadbalancer.js:281:12
    at /usr/lib/node_modules/loadbalancer/loadbalancer.js:228:7
    at async.eachSeries (/usr/lib/node_modules/loadbalancer/node_modules/async/lib/async.js:145:20)
    at go (/usr/lib/node_modules/loadbalancer/node_modules/async/lib/async.js:1079:20)
    at _applyEach (/usr/lib/node_modules/loadbalancer/node_modules/async/lib/async.js:1086:23)
    at Object.applyEachSeries (/usr/lib/node_modules/loadbalancer/node_modules/async/lib/async.js:231:23)
    at LoadBalancer._verifyConnection (/usr/lib/node_modules/loadbalancer/loadbalancer.js:223:9)
    at LoadBalancer._handleConnection (/usr/lib/node_modules/loadbalancer/loadbalancer.js:277:8)
Error: There are no available targets
    at LoadBalancer._connectToTarget (/usr/lib/node_modules/loadbalancer/loadbalancer.js:169:14)
    at /usr/lib/node_modules/loadbalancer/loadbalancer.js:201:16
    at process._tickCallback (internal/process/next_tick.js:61:11)
Error: There are no available targets
    at LoadBalancer._connectToTarget (/usr/lib/node_modules/loadbalancer/loadbalancer.js:169:14)
    at /usr/lib/node_modules/loadbalancer/loadbalancer.js:201:16
    at process._tickCallback (internal/process/next_tick.js:61:11)
Error: There are no available targets
    at LoadBalancer._connectToTarget (/usr/lib/node_modules/loadbalancer/loadbalancer.js:169:14)
    at LoadBalancer._acceptConnection (/usr/lib/node_modules/loadbalancer/loadbalancer.js:311:8)
    at /usr/lib/node_modules/loadbalancer/loadbalancer.js:281:12
    at /usr/lib/node_modules/loadbalancer/loadbalancer.js:228:7
    at async.eachSeries (/usr/lib/node_modules/loadbalancer/node_modules/async/lib/async.js:145:20)
    at go (/usr/lib/node_modules/loadbalancer/node_modules/async/lib/async.js:1079:20)
    at _applyEach (/usr/lib/node_modules/loadbalancer/node_modules/async/lib/async.js:1086:23)
    at Object.applyEachSeries (/usr/lib/node_modules/loadbalancer/node_modules/async/lib/async.js:231:23)
    at LoadBalancer._verifyConnection (/usr/lib/node_modules/loadbalancer/loadbalancer.js:223:9)
    at LoadBalancer._handleConnection (/usr/lib/node_modules/loadbalancer/loadbalancer.js:277:8)
Error: There are no available targets
    at LoadBalancer._connectToTarget (/usr/lib/node_modules/loadbalancer/loadbalancer.js:169:14)
    at LoadBalancer._acceptConnection (/usr/lib/node_modules/loadbalancer/loadbalancer.js:311:8)
    at /usr/lib/node_modules/loadbalancer/loadbalancer.js:281:12
    at /usr/lib/node_modules/loadbalancer/loadbalancer.js:228:7
    at async.eachSeries (/usr/lib/node_modules/loadbalancer/node_modules/async/lib/async.js:145:20)
    at go (/usr/lib/node_modules/loadbalancer/node_modules/async/lib/async.js:1079:20)
    at _applyEach (/usr/lib/node_modules/loadbalancer/node_modules/async/lib/async.js:1086:23)
    at Object.applyEachSeries (/usr/lib/node_modules/loadbalancer/node_modules/async/lib/async.js:231:23)
    at LoadBalancer._verifyConnection (/usr/lib/node_modules/loadbalancer/loadbalancer.js:223:9)
    at LoadBalancer._handleConnection (/usr/lib/node_modules/loadbalancer/loadbalancer.js:277:8)
Error: There are no available targets
    at LoadBalancer._connectToTarget (/usr/lib/node_modules/loadbalancer/loadbalancer.js:169:14)
    at LoadBalancer._acceptConnection (/usr/lib/node_modules/loadbalancer/loadbalancer.js:311:8)
    at /usr/lib/node_modules/loadbalancer/loadbalancer.js:281:12
    at /usr/lib/node_modules/loadbalancer/loadbalancer.js:228:7
    at async.eachSeries (/usr/lib/node_modules/loadbalancer/node_modules/async/lib/async.js:145:20)
    at go (/usr/lib/node_modules/loadbalancer/node_modules/async/lib/async.js:1079:20)
    at _applyEach (/usr/lib/node_modules/loadbalancer/node_modules/async/lib/async.js:1086:23)
    at Object.applyEachSeries (/usr/lib/node_modules/loadbalancer/node_modules/async/lib/async.js:231:23)
    at LoadBalancer._verifyConnection (/usr/lib/node_modules/loadbalancer/loadbalancer.js:223:9)
    at LoadBalancer._handleConnection (/usr/lib/node_modules/loadbalancer/loadbalancer.js:277:8)
Error: There are no available targets
    at LoadBalancer._connectToTarget (/usr/lib/node_modules/loadbalancer/loadbalancer.js:169:14)
    at LoadBalancer._acceptConnection (/usr/lib/node_modules/loadbalancer/loadbalancer.js:311:8)
    at /usr/lib/node_modules/loadbalancer/loadbalancer.js:281:12
    at /usr/lib/node_modules/loadbalancer/loadbalancer.js:228:7
    at async.eachSeries (/usr/lib/node_modules/loadbalancer/node_modules/async/lib/async.js:145:20)
    at go (/usr/lib/node_modules/loadbalancer/node_modules/async/lib/async.js:1079:20)
    at _applyEach (/usr/lib/node_modules/loadbalancer/node_modules/async/lib/async.js:1086:23)
    at Object.applyEachSeries (/usr/lib/node_modules/loadbalancer/node_modules/async/lib/async.js:231:23)
    at LoadBalancer._verifyConnection (/usr/lib/node_modules/loadbalancer/loadbalancer.js:223:9)
    at LoadBalancer._handleConnection (/usr/lib/node_modules/loadbalancer/loadbalancer.js:277:8)
Error: There are no available targets
    at LoadBalancer._connectToTarget (/usr/lib/node_modules/loadbalancer/loadbalancer.js:169:14)
    at LoadBalancer._acceptConnection (/usr/lib/node_modules/loadbalancer/loadbalancer.js:311:8)
    at /usr/lib/node_modules/loadbalancer/loadbalancer.js:281:12
    at /usr/lib/node_modules/loadbalancer/loadbalancer.js:228:7
    at async.eachSeries (/usr/lib/node_modules/loadbalancer/node_modules/async/lib/async.js:145:20)
    at go (/usr/lib/node_modules/loadbalancer/node_modules/async/lib/async.js:1079:20)
    at _applyEach (/usr/lib/node_modules/loadbalancer/node_modules/async/lib/async.js:1086:23)
    at Object.applyEachSeries (/usr/lib/node_modules/loadbalancer/node_modules/async/lib/async.js:231:23)
    at LoadBalancer._verifyConnection (/usr/lib/node_modules/loadbalancer/loadbalancer.js:223:9)
    at LoadBalancer._handleConnection (/usr/lib/node_modules/loadbalancer/loadbalancer.js:277:8)
Error: There are no available targets
    at LoadBalancer._connectToTarget (/usr/lib/node_modules/loadbalancer/loadbalancer.js:169:14)
    at LoadBalancer._acceptConnection (/usr/lib/node_modules/loadbalancer/loadbalancer.js:311:8)
    at /usr/lib/node_modules/loadbalancer/loadbalancer.js:281:12
    at /usr/lib/node_modules/loadbalancer/loadbalancer.js:228:7
    at async.eachSeries (/usr/lib/node_modules/loadbalancer/node_modules/async/lib/async.js:145:20)
    at go (/usr/lib/node_modules/loadbalancer/node_modules/async/lib/async.js:1079:20)
    at _applyEach (/usr/lib/node_modules/loadbalancer/node_modules/async/lib/async.js:1086:23)
    at Object.applyEachSeries (/usr/lib/node_modules/loadbalancer/node_modules/async/lib/async.js:231:23)
    at LoadBalancer._verifyConnection (/usr/lib/node_modules/loadbalancer/loadbalancer.js:223:9)
    at LoadBalancer._handleConnection (/usr/lib/node_modules/loadbalancer/loadbalancer.js:277:8)
Error: There are no available targets
    at LoadBalancer._connectToTarget (/usr/lib/node_modules/loadbalancer/loadbalancer.js:169:14)
    at /usr/lib/node_modules/loadbalancer/loadbalancer.js:201:16
    at process._tickCallback (internal/process/next_tick.js:61:11)
Error: There are no available targets
    at LoadBalancer._connectToTarget (/usr/lib/node_modules/loadbalancer/loadbalancer.js:169:14)
    at LoadBalancer._acceptConnection (/usr/lib/node_modules/loadbalancer/loadbalancer.js:311:8)
    at /usr/lib/node_modules/loadbalancer/loadbalancer.js:281:12
    at /usr/lib/node_modules/loadbalancer/loadbalancer.js:228:7
    at async.eachSeries (/usr/lib/node_modules/loadbalancer/node_modules/async/lib/async.js:145:20)
    at go (/usr/lib/node_modules/loadbalancer/node_modules/async/lib/async.js:1079:20)
    at _applyEach (/usr/lib/node_modules/loadbalancer/node_modules/async/lib/async.js:1086:23)
    at Object.applyEachSeries (/usr/lib/node_modules/loadbalancer/node_modules/async/lib/async.js:231:23)
    at LoadBalancer._verifyConnection (/usr/lib/node_modules/loadbalancer/loadbalancer.js:223:9)
    at LoadBalancer._handleConnection (/usr/lib/node_modules/loadbalancer/loadbalancer.js:277:8)
Error: There are no available targets
    at LoadBalancer._connectToTarget (/usr/lib/node_modules/loadbalancer/loadbalancer.js:169:14)
    at LoadBalancer._acceptConnection (/usr/lib/node_modules/loadbalancer/loadbalancer.js:311:8)
    at /usr/lib/node_modules/loadbalancer/loadbalancer.js:281:12
    at /usr/lib/node_modules/loadbalancer/loadbalancer.js:228:7
    at async.eachSeries (/usr/lib/node_modules/loadbalancer/node_modules/async/lib/async.js:145:20)
    at go (/usr/lib/node_modules/loadbalancer/node_modules/async/lib/async.js:1079:20)
    at _applyEach (/usr/lib/node_modules/loadbalancer/node_modules/async/lib/async.js:1086:23)
    at Object.applyEachSeries (/usr/lib/node_modules/loadbalancer/node_modules/async/lib/async.js:231:23)
    at LoadBalancer._verifyConnection (/usr/lib/node_modules/loadbalancer/loadbalancer.js:223:9)
    at LoadBalancer._handleConnection (/usr/lib/node_modules/loadbalancer/loadbalancer.js:277:8)
Error: There are no available targets
    at LoadBalancer._connectToTarget (/usr/lib/node_modules/loadbalancer/loadbalancer.js:169:14)
    at /usr/lib/node_modules/loadbalancer/loadbalancer.js:201:16
    at process._tickCallback (internal/process/next_tick.js:61:11)
Error: There are no available targets
    at LoadBalancer._connectToTarget (/usr/lib/node_modules/loadbalancer/loadbalancer.js:169:14)
    at LoadBalancer._acceptConnection (/usr/lib/node_modules/loadbalancer/loadbalancer.js:311:8)
    at /usr/lib/node_modules/loadbalancer/loadbalancer.js:281:12
    at /usr/lib/node_modules/loadbalancer/loadbalancer.js:228:7
    at async.eachSeries (/usr/lib/node_modules/loadbalancer/node_modules/async/lib/async.js:145:20)
    at go (/usr/lib/node_modules/loadbalancer/node_modules/async/lib/async.js:1079:20)
    at _applyEach (/usr/lib/node_modules/loadbalancer/node_modules/async/lib/async.js:1086:23)
    at Object.applyEachSeries (/usr/lib/node_modules/loadbalancer/node_modules/async/lib/async.js:231:23)
    at LoadBalancer._verifyConnection (/usr/lib/node_modules/loadbalancer/loadbalancer.js:223:9)
    at LoadBalancer._handleConnection (/usr/lib/node_modules/loadbalancer/loadbalancer.js:277:8)
Error: There are no available targets
    at LoadBalancer._connectToTarget (/usr/lib/node_modules/loadbalancer/loadbalancer.js:169:14)
    at LoadBalancer._acceptConnection (/usr/lib/node_modules/loadbalancer/loadbalancer.js:311:8)
    at /usr/lib/node_modules/loadbalancer/loadbalancer.js:281:12
    at /usr/lib/node_modules/loadbalancer/loadbalancer.js:228:7
    at async.eachSeries (/usr/lib/node_modules/loadbalancer/node_modules/async/lib/async.js:145:20)
    at go (/usr/lib/node_modules/loadbalancer/node_modules/async/lib/async.js:1079:20)
    at _applyEach (/usr/lib/node_modules/loadbalancer/node_modules/async/lib/async.js:1086:23)
    at Object.applyEachSeries (/usr/lib/node_modules/loadbalancer/node_modules/async/lib/async.js:231:23)
    at LoadBalancer._verifyConnection (/usr/lib/node_modules/loadbalancer/loadbalancer.js:223:9)
    at LoadBalancer._handleConnection (/usr/lib/node_modules/loadbalancer/loadbalancer.js:277:8)
Error: There are no available targets
    at LoadBalancer._connectToTarget (/usr/lib/node_modules/loadbalancer/loadbalancer.js:169:14)
    at LoadBalancer._acceptConnection (/usr/lib/node_modules/loadbalancer/loadbalancer.js:311:8)
    at /usr/lib/node_modules/loadbalancer/loadbalancer.js:281:12
    at /usr/lib/node_modules/loadbalancer/loadbalancer.js:228:7
    at async.eachSeries (/usr/lib/node_modules/loadbalancer/node_modules/async/lib/async.js:145:20)
    at go (/usr/lib/node_modules/loadbalancer/node_modules/async/lib/async.js:1079:20)
    at _applyEach (/usr/lib/node_modules/loadbalancer/node_modules/async/lib/async.js:1086:23)
    at Object.applyEachSeries (/usr/lib/node_modules/loadbalancer/node_modules/async/lib/async.js:231:23)
    at LoadBalancer._verifyConnection (/usr/lib/node_modules/loadbalancer/loadbalancer.js:223:9)
    at LoadBalancer._handleConnection (/usr/lib/node_modules/loadbalancer/loadbalancer.js:277:8)
Error: There are no available targets
    at LoadBalancer._connectToTarget (/usr/lib/node_modules/loadbalancer/loadbalancer.js:169:14)
    at LoadBalancer._acceptConnection (/usr/lib/node_modules/loadbalancer/loadbalancer.js:311:8)
    at /usr/lib/node_modules/loadbalancer/loadbalancer.js:281:12
    at /usr/lib/node_modules/loadbalancer/loadbalancer.js:228:7
    at async.eachSeries (/usr/lib/node_modules/loadbalancer/node_modules/async/lib/async.js:145:20)
    at go (/usr/lib/node_modules/loadbalancer/node_modules/async/lib/async.js:1079:20)
    at _applyEach (/usr/lib/node_modules/loadbalancer/node_modules/async/lib/async.js:1086:23)
    at Object.applyEachSeries (/usr/lib/node_modules/loadbalancer/node_modules/async/lib/async.js:231:23)
    at LoadBalancer._verifyConnection (/usr/lib/node_modules/loadbalancer/loadbalancer.js:223:9)
    at LoadBalancer._handleConnection (/usr/lib/node_modules/loadbalancer/loadbalancer.js:277:8)
Error: There are no available targets
    at LoadBalancer._connectToTarget (/usr/lib/node_modules/loadbalancer/loadbalancer.js:169:14)
    at LoadBalancer._acceptConnection (/usr/lib/node_modules/loadbalancer/loadbalancer.js:311:8)
    at /usr/lib/node_modules/loadbalancer/loadbalancer.js:281:12
    at /usr/lib/node_modules/loadbalancer/loadbalancer.js:228:7
    at async.eachSeries (/usr/lib/node_modules/loadbalancer/node_modules/async/lib/async.js:145:20)
    at go (/usr/lib/node_modules/loadbalancer/node_modules/async/lib/async.js:1079:20)
    at _applyEach (/usr/lib/node_modules/loadbalancer/node_modules/async/lib/async.js:1086:23)
    at Object.applyEachSeries (/usr/lib/node_modules/loadbalancer/node_modules/async/lib/async.js:231:23)
    at LoadBalancer._verifyConnection (/usr/lib/node_modules/loadbalancer/loadbalancer.js:223:9)
    at LoadBalancer._handleConnection (/usr/lib/node_modules/loadbalancer/loadbalancer.js:277:8)
Error: There are no available targets
    at LoadBalancer._connectToTarget (/usr/lib/node_modules/loadbalancer/loadbalancer.js:169:14)
    at /usr/lib/node_modules/loadbalancer/loadbalancer.js:201:16
    at process._tickCallback (internal/process/next_tick.js:61:11)
Error: There are no available targets
    at LoadBalancer._connectToTarget (/usr/lib/node_modules/loadbalancer/loadbalancer.js:169:14)
    at LoadBalancer._acceptConnection (/usr/lib/node_modules/loadbalancer/loadbalancer.js:311:8)
    at /usr/lib/node_modules/loadbalancer/loadbalancer.js:281:12
    at /usr/lib/node_modules/loadbalancer/loadbalancer.js:228:7
    at async.eachSeries (/usr/lib/node_modules/loadbalancer/node_modules/async/lib/async.js:145:20)
    at go (/usr/lib/node_modules/loadbalancer/node_modules/async/lib/async.js:1079:20)
    at _applyEach (/usr/lib/node_modules/loadbalancer/node_modules/async/lib/async.js:1086:23)
    at Object.applyEachSeries (/usr/lib/node_modules/loadbalancer/node_modules/async/lib/async.js:231:23)
    at LoadBalancer._verifyConnection (/usr/lib/node_modules/loadbalancer/loadbalancer.js:223:9)
    at LoadBalancer._handleConnection (/usr/lib/node_modules/loadbalancer/loadbalancer.js:277:8)
Error: There are no available targets
    at LoadBalancer._connectToTarget (/usr/lib/node_modules/loadbalancer/loadbalancer.js:169:14)
    at LoadBalancer._acceptConnection (/usr/lib/node_modules/loadbalancer/loadbalancer.js:311:8)
    at /usr/lib/node_modules/loadbalancer/loadbalancer.js:281:12
    at /usr/lib/node_modules/loadbalancer/loadbalancer.js:228:7
    at async.eachSeries (/usr/lib/node_modules/loadbalancer/node_modules/async/lib/async.js:145:20)
    at go (/usr/lib/node_modules/loadbalancer/node_modules/async/lib/async.js:1079:20)
    at _applyEach (/usr/lib/node_modules/loadbalancer/node_modules/async/lib/async.js:1086:23)
    at Object.applyEachSeries (/usr/lib/node_modules/loadbalancer/node_modules/async/lib/async.js:231:23)
    at LoadBalancer._verifyConnection (/usr/lib/node_modules/loadbalancer/loadbalancer.js:223:9)
    at LoadBalancer._handleConnection (/usr/lib/node_modules/loadbalancer/loadbalancer.js:277:8)
Error: There are no available targets
    at LoadBalancer._connectToTarget (/usr/lib/node_modules/loadbalancer/loadbalancer.js:169:14)
    at /usr/lib/node_modules/loadbalancer/loadbalancer.js:201:16
    at process._tickCallback (internal/process/next_tick.js:61:11)
Error: There are no available targets
    at LoadBalancer._connectToTarget (/usr/lib/node_modules/loadbalancer/loadbalancer.js:169:14)
    at LoadBalancer._acceptConnection (/usr/lib/node_modules/loadbalancer/loadbalancer.js:311:8)
    at /usr/lib/node_modules/loadbalancer/loadbalancer.js:281:12
    at /usr/lib/node_modules/loadbalancer/loadbalancer.js:228:7
    at async.eachSeries (/usr/lib/node_modules/loadbalancer/node_modules/async/lib/async.js:145:20)
    at go (/usr/lib/node_modules/loadbalancer/node_modules/async/lib/async.js:1079:20)
    at _applyEach (/usr/lib/node_modules/loadbalancer/node_modules/async/lib/async.js:1086:23)
    at Object.applyEachSeries (/usr/lib/node_modules/loadbalancer/node_modules/async/lib/async.js:231:23)
    at LoadBalancer._verifyConnection (/usr/lib/node_modules/loadbalancer/loadbalancer.js:223:9)
    at LoadBalancer._handleConnection (/usr/lib/node_modules/loadbalancer/loadbalancer.js:277:8)
Error: There are no available targets
    at LoadBalancer._connectToTarget (/usr/lib/node_modules/loadbalancer/loadbalancer.js:169:14)
    at LoadBalancer._acceptConnection (/usr/lib/node_modules/loadbalancer/loadbalancer.js:311:8)
    at /usr/lib/node_modules/loadbalancer/loadbalancer.js:281:12
    at /usr/lib/node_modules/loadbalancer/loadbalancer.js:228:7
    at async.eachSeries (/usr/lib/node_modules/loadbalancer/node_modules/async/lib/async.js:145:20)
    at go (/usr/lib/node_modules/loadbalancer/node_modules/async/lib/async.js:1079:20)
    at _applyEach (/usr/lib/node_modules/loadbalancer/node_modules/async/lib/async.js:1086:23)
    at Object.applyEachSeries (/usr/lib/node_modules/loadbalancer/node_modules/async/lib/async.js:231:23)
    at LoadBalancer._verifyConnection (/usr/lib/node_modules/loadbalancer/loadbalancer.js:223:9)
    at LoadBalancer._handleConnection (/usr/lib/node_modules/loadbalancer/loadbalancer.js:277:8)
Error: There are no available targets
    at LoadBalancer._connectToTarget (/usr/lib/node_modules/loadbalancer/loadbalancer.js:169:14)
    at LoadBalancer._acceptConnection (/usr/lib/node_modules/loadbalancer/loadbalancer.js:311:8)
    at /usr/lib/node_modules/loadbalancer/loadbalancer.js:281:12
    at /usr/lib/node_modules/loadbalancer/loadbalancer.js:228:7
    at async.eachSeries (/usr/lib/node_modules/loadbalancer/node_modules/async/lib/async.js:145:20)
    at go (/usr/lib/node_modules/loadbalancer/node_modules/async/lib/async.js:1079:20)
    at _applyEach (/usr/lib/node_modules/loadbalancer/node_modules/async/lib/async.js:1086:23)
    at Object.applyEachSeries (/usr/lib/node_modules/loadbalancer/node_modules/async/lib/async.js:231:23)
    at LoadBalancer._verifyConnection (/usr/lib/node_modules/loadbalancer/loadbalancer.js:223:9)
    at LoadBalancer._handleConnection (/usr/lib/node_modules/loadbalancer/loadbalancer.js:277:8)
Error: There are no available targets
    at LoadBalancer._connectToTarget (/usr/lib/node_modules/loadbalancer/loadbalancer.js:169:14)
    at LoadBalancer._acceptConnection (/usr/lib/node_modules/loadbalancer/loadbalancer.js:311:8)
    at /usr/lib/node_modules/loadbalancer/loadbalancer.js:281:12
    at /usr/lib/node_modules/loadbalancer/loadbalancer.js:228:7
    at async.eachSeries (/usr/lib/node_modules/loadbalancer/node_modules/async/lib/async.js:145:20)
    at go (/usr/lib/node_modules/loadbalancer/node_modules/async/lib/async.js:1079:20)
    at _applyEach (/usr/lib/node_modules/loadbalancer/node_modules/async/lib/async.js:1086:23)
    at Object.applyEachSeries (/usr/lib/node_modules/loadbalancer/node_modules/async/lib/async.js:231:23)
    at LoadBalancer._verifyConnection (/usr/lib/node_modules/loadbalancer/loadbalancer.js:223:9)
    at LoadBalancer._handleConnection (/usr/lib/node_modules/loadbalancer/loadbalancer.js:277:8)
Error: There are no available targets
    at LoadBalancer._connectToTarget (/usr/lib/node_modules/loadbalancer/loadbalancer.js:169:14)
    at LoadBalancer._acceptConnection (/usr/lib/node_modules/loadbalancer/loadbalancer.js:311:8)
    at /usr/lib/node_modules/loadbalancer/loadbalancer.js:281:12
    at /usr/lib/node_modules/loadbalancer/loadbalancer.js:228:7
    at async.eachSeries (/usr/lib/node_modules/loadbalancer/node_modules/async/lib/async.js:145:20)
    at go (/usr/lib/node_modules/loadbalancer/node_modules/async/lib/async.js:1079:20)
    at _applyEach (/usr/lib/node_modules/loadbalancer/node_modules/async/lib/async.js:1086:23)
    at Object.applyEachSeries (/usr/lib/node_modules/loadbalancer/node_modules/async/lib/async.js:231:23)
    at LoadBalancer._verifyConnection (/usr/lib/node_modules/loadbalancer/loadbalancer.js:223:9)
    at LoadBalancer._handleConnection (/usr/lib/node_modules/loadbalancer/loadbalancer.js:277:8)
Error: There are no available targets
    at LoadBalancer._connectToTarget (/usr/lib/node_modules/loadbalancer/loadbalancer.js:169:14)
    at /usr/lib/node_modules/loadbalancer/loadbalancer.js:201:16
    at process._tickCallback (internal/process/next_tick.js:61:11)
Error: There are no available targets
    at LoadBalancer._connectToTarget (/usr/lib/node_modules/loadbalancer/loadbalancer.js:169:14)
    at LoadBalancer._acceptConnection (/usr/lib/node_modules/loadbalancer/loadbalancer.js:311:8)
    at /usr/lib/node_modules/loadbalancer/loadbalancer.js:281:12
    at /usr/lib/node_modules/loadbalancer/loadbalancer.js:228:7
    at async.eachSeries (/usr/lib/node_modules/loadbalancer/node_modules/async/lib/async.js:145:20)
    at go (/usr/lib/node_modules/loadbalancer/node_modules/async/lib/async.js:1079:20)
    at _applyEach (/usr/lib/node_modules/loadbalancer/node_modules/async/lib/async.js:1086:23)
    at Object.applyEachSeries (/usr/lib/node_modules/loadbalancer/node_modules/async/lib/async.js:231:23)
    at LoadBalancer._verifyConnection (/usr/lib/node_modules/loadbalancer/loadbalancer.js:223:9)
    at LoadBalancer._handleConnection (/usr/lib/node_modules/loadbalancer/loadbalancer.js:277:8)
Error: There are no available targets
    at LoadBalancer._connectToTarget (/usr/lib/node_modules/loadbalancer/loadbalancer.js:169:14)
    at LoadBalancer._acceptConnection (/usr/lib/node_modules/loadbalancer/loadbalancer.js:311:8)
    at /usr/lib/node_modules/loadbalancer/loadbalancer.js:281:12
    at /usr/lib/node_modules/loadbalancer/loadbalancer.js:228:7
    at async.eachSeries (/usr/lib/node_modules/loadbalancer/node_modules/async/lib/async.js:145:20)
    at go (/usr/lib/node_modules/loadbalancer/node_modules/async/lib/async.js:1079:20)
    at _applyEach (/usr/lib/node_modules/loadbalancer/node_modules/async/lib/async.js:1086:23)
    at Object.applyEachSeries (/usr/lib/node_modules/loadbalancer/node_modules/async/lib/async.js:231:23)
    at LoadBalancer._verifyConnection (/usr/lib/node_modules/loadbalancer/loadbalancer.js:223:9)
    at LoadBalancer._handleConnection (/usr/lib/node_modules/loadbalancer/loadbalancer.js:277:8)
Error: There are no available targets
    at LoadBalancer._connectToTarget (/usr/lib/node_modules/loadbalancer/loadbalancer.js:169:14)
    at /usr/lib/node_modules/loadbalancer/loadbalancer.js:201:16
    at process._tickCallback (internal/process/next_tick.js:61:11)
Error: There are no available targets
    at LoadBalancer._connectToTarget (/usr/lib/node_modules/loadbalancer/loadbalancer.js:169:14)
    at LoadBalancer._acceptConnection (/usr/lib/node_modules/loadbalancer/loadbalancer.js:311:8)
    at /usr/lib/node_modules/loadbalancer/loadbalancer.js:281:12
    at /usr/lib/node_modules/loadbalancer/loadbalancer.js:228:7
    at async.eachSeries (/usr/lib/node_modules/loadbalancer/node_modules/async/lib/async.js:145:20)
    at go (/usr/lib/node_modules/loadbalancer/node_modules/async/lib/async.js:1079:20)
    at _applyEach (/usr/lib/node_modules/loadbalancer/node_modules/async/lib/async.js:1086:23)
    at Object.applyEachSeries (/usr/lib/node_modules/loadbalancer/node_modules/async/lib/async.js:231:23)
    at LoadBalancer._verifyConnection (/usr/lib/node_modules/loadbalancer/loadbalancer.js:223:9)
    at LoadBalancer._handleConnection (/usr/lib/node_modules/loadbalancer/loadbalancer.js:277:8)
Error: There are no available targets
    at LoadBalancer._connectToTarget (/usr/lib/node_modules/loadbalancer/loadbalancer.js:169:14)
    at LoadBalancer._acceptConnection (/usr/lib/node_modules/loadbalancer/loadbalancer.js:311:8)
    at /usr/lib/node_modules/loadbalancer/loadbalancer.js:281:12
    at /usr/lib/node_modules/loadbalancer/loadbalancer.js:228:7
    at async.eachSeries (/usr/lib/node_modules/loadbalancer/node_modules/async/lib/async.js:145:20)
    at go (/usr/lib/node_modules/loadbalancer/node_modules/async/lib/async.js:1079:20)
    at _applyEach (/usr/lib/node_modules/loadbalancer/node_modules/async/lib/async.js:1086:23)
    at Object.applyEachSeries (/usr/lib/node_modules/loadbalancer/node_modules/async/lib/async.js:231:23)
    at LoadBalancer._verifyConnection (/usr/lib/node_modules/loadbalancer/loadbalancer.js:223:9)
    at LoadBalancer._handleConnection (/usr/lib/node_modules/loadbalancer/loadbalancer.js:277:8)
Error: There are no available targets
    at LoadBalancer._connectToTarget (/usr/lib/node_modules/loadbalancer/loadbalancer.js:169:14)
    at LoadBalancer._acceptConnection (/usr/lib/node_modules/loadbalancer/loadbalancer.js:311:8)
    at /usr/lib/node_modules/loadbalancer/loadbalancer.js:281:12
    at /usr/lib/node_modules/loadbalancer/loadbalancer.js:228:7
    at async.eachSeries (/usr/lib/node_modules/loadbalancer/node_modules/async/lib/async.js:145:20)
    at go (/usr/lib/node_modules/loadbalancer/node_modules/async/lib/async.js:1079:20)
    at _applyEach (/usr/lib/node_modules/loadbalancer/node_modules/async/lib/async.js:1086:23)
    at Object.applyEachSeries (/usr/lib/node_modules/loadbalancer/node_modules/async/lib/async.js:231:23)
    at LoadBalancer._verifyConnection (/usr/lib/node_modules/loadbalancer/loadbalancer.js:223:9)
    at LoadBalancer._handleConnection (/usr/lib/node_modules/loadbalancer/loadbalancer.js:277:8)
Error: There are no available targets
    at LoadBalancer._connectToTarget (/usr/lib/node_modules/loadbalancer/loadbalancer.js:169:14)
    at LoadBalancer._acceptConnection (/usr/lib/node_modules/loadbalancer/loadbalancer.js:311:8)
    at /usr/lib/node_modules/loadbalancer/loadbalancer.js:281:12
    at /usr/lib/node_modules/loadbalancer/loadbalancer.js:228:7
    at async.eachSeries (/usr/lib/node_modules/loadbalancer/node_modules/async/lib/async.js:145:20)
    at go (/usr/lib/node_modules/loadbalancer/node_modules/async/lib/async.js:1079:20)
    at _applyEach (/usr/lib/node_modules/loadbalancer/node_modules/async/lib/async.js:1086:23)
    at Object.applyEachSeries (/usr/lib/node_modules/loadbalancer/node_modules/async/lib/async.js:231:23)
    at LoadBalancer._verifyConnection (/usr/lib/node_modules/loadbalancer/loadbalancer.js:223:9)
    at LoadBalancer._handleConnection (/usr/lib/node_modules/loadbalancer/loadbalancer.js:277:8)
Error: There are no available targets
    at LoadBalancer._connectToTarget (/usr/lib/node_modules/loadbalancer/loadbalancer.js:169:14)
    at LoadBalancer._acceptConnection (/usr/lib/node_modules/loadbalancer/loadbalancer.js:311:8)
    at /usr/lib/node_modules/loadbalancer/loadbalancer.js:281:12
    at /usr/lib/node_modules/loadbalancer/loadbalancer.js:228:7
    at async.eachSeries (/usr/lib/node_modules/loadbalancer/node_modules/async/lib/async.js:145:20)
    at go (/usr/lib/node_modules/loadbalancer/node_modules/async/lib/async.js:1079:20)
    at _applyEach (/usr/lib/node_modules/loadbalancer/node_modules/async/lib/async.js:1086:23)
    at Object.applyEachSeries (/usr/lib/node_modules/loadbalancer/node_modules/async/lib/async.js:231:23)
    at LoadBalancer._verifyConnection (/usr/lib/node_modules/loadbalancer/loadbalancer.js:223:9)
    at LoadBalancer._handleConnection (/usr/lib/node_modules/loadbalancer/loadbalancer.js:277:8)
error: Forever detected script exited with code: null
error: Script restart attempt #1
error: Forever detected script exited with code: null
error: Script restart attempt #2
error: Forever detected script exited with code: null
